VolumeControlPlugin Windows Build Log (20250503_172801)
====================================================

[0;34m=============================================[0m
[0;34m=============================================[0m
[0;34m  VolumeControlPlugin Windows Build Script   [0m
[0;34m  VolumeControlPlugin Windows Build Script   [0m
[0;34m=============================================[0m
[0;34m=============================================[0m
[0;34m[INFO][0m Checking prerequisites for Windows cross-compilation...
[0;34m[INFO][0m Checking prerequisites for Windows cross-compilation...
[0;34m[INFO][0m Using MinGW-w64: x86_64-w64-mingw32-gcc (GCC) 13-win32
[0;34m[INFO][0m Using MinGW-w64: x86_64-w64-mingw32-gcc (GCC) 13-win32
[0;34m[INFO][0m Using CMake version 3.28
[0;34m[INFO][0m Using CMake version 3.28
[0;32m[SUCCESS][0m All prerequisites satisfied!
[0;32m[SUCCESS][0m All prerequisites satisfied!
[0;34m[INFO][0m Creating Windows build directory...
[0;34m[INFO][0m Creating Windows build directory...
[0;32m[SUCCESS][0m Windows build directory created at /home/aguziczek/plugin_dev/VolumeControlPlugin/build_windows
[0;32m[SUCCESS][0m Windows build directory created at /home/aguziczek/plugin_dev/VolumeControlPlugin/build_windows
[0;34m[INFO][0m Running CMake to configure the Windows project...
[0;34m[INFO][0m Running CMake to configure the Windows project...
[0;34m[INFO][0m Running: cmake -DCMAKE_TOOLCHAIN_FILE=../mingw-w64-toolchain.cmake -DCMAKE_BUILD_TYPE=Release -DJUCE_WINDOWS=TRUE -DJUCE_MINGW=TRUE -DJUCE_DIR=/home/aguziczek/plugin_dev/VolumeControlPlugin/../JUCE -DCMAKE_VERBOSE_MAKEFILE=ON ..
[0;34m[INFO][0m Running: cmake -DCMAKE_TOOLCHAIN_FILE=../mingw-w64-toolchain.cmake -DCMAKE_BUILD_TYPE=Release -DJUCE_WINDOWS=TRUE -DJUCE_MINGW=TRUE -DJUCE_DIR=/home/aguziczek/plugin_dev/VolumeControlPlugin/../JUCE -DCMAKE_VERBOSE_MAKEFILE=ON ..
-- MinGW-w64 toolchain configured for Windows cross-compilation
-- C compiler: x86_64-w64-mingw32-gcc
-- CXX compiler: x86_64-w64-mingw32-g++
-- MinGW-w64 toolchain configured for Windows cross-compilation
-- C compiler: x86_64-w64-mingw32-gcc
-- CXX compiler: x86_64-w64-mingw32-g++
-- The C compiler identification is GNU 13.0.0
-- The CXX compiler identification is GNU 13.0.0
-- Detecting C compiler ABI info
-- Detecting C compiler ABI info - done
-- Check for working C compiler: /usr/bin/x86_64-w64-mingw32-gcc - skipped
-- Detecting C compile features
-- Detecting C compile features - done
-- Detecting CXX compiler ABI info
-- Detecting CXX compiler ABI info - done
-- Check for working CXX compiler: /usr/bin/x86_64-w64-mingw32-g++ - skipped
-- Detecting CXX compile features
-- Detecting CXX compile features - done
-- Found PkgConfig: /usr/bin/pkg-config (found version "1.8.1") 
-- Checking for module 'gtk+-3.0'
--   Found gtk+-3.0, version 3.24.41
-- Checking for module 'webkit2gtk-4.1'
--   Found webkit2gtk-4.1, version 2.48.1
-- Checking for module 'libcurl'
--   Found libcurl, version 8.5.0
-- Configuring juceaide
-- Building juceaide
