VolumeControlPlugin Windows Alt Build Log (20250503_181741)
====================================================

[0;34m=============================================[0m
[0;34m=============================================[0m
[0;34m  VolumeControlPlugin Windows Alt Build Script   [0m
[0;34m  VolumeControlPlugin Windows Alt Build Script   [0m
[0;34m=============================================[0m
[0;34m=============================================[0m
[0;34m[INFO][0m Checking prerequisites for Windows cross-compilation...
[0;34m[INFO][0m Checking prerequisites for Windows cross-compilation...
[0;34m[INFO][0m WSL detection override enabled
[0;34m[INFO][0m WSL detection override enabled
[0;34m[INFO][0m Using CMake version 3.28
[0;34m[INFO][0m Using CMake version 3.28
[0;32m[SUCCESS][0m All prerequisites satisfied!
[0;32m[SUCCESS][0m All prerequisites satisfied!
[0;34m[INFO][0m Cleaning build directory...
[0;34m[INFO][0m Cleaning build directory...
[0;32m[SUCCESS][0m Created fresh build directory at /home/aguziczek/plugin_dev/VolumeControlPlugin/build_windows_alt
[0;32m[SUCCESS][0m Created fresh build directory at /home/aguziczek/plugin_dev/VolumeControlPlugin/build_windows_alt
[0;34m[INFO][0m Running CMake configuration with specialized Windows settings...
[0;34m[INFO][0m Running CMake configuration with specialized Windows settings...
[0;34m[INFO][0m Running: cmake -DCMAKE_TOOLCHAIN_FILE=/home/aguziczek/plugin_dev/VolumeControlPlugin/Windows-MSVC-WSL.cmake -DCMAKE_BUILD_TYPE=Release -DJUCE_DIR=/home/aguziczek/plugin_dev/VolumeControlPlugin/../JUCE -DCMAKE_VERBOSE_MAKEFILE=ON -DJUCE_TARGET_ARCHITECTURE=x86_64 -DVST3_ARCHITECTURE=x86_64 -DJUCE_DISABLE_RUNTIME_ARCH_DETECTION=ON -DCMAKE_INSTALL_PREFIX=/home/aguziczek/plugin_dev/VolumeControlPlugin/build_windows_alt/install ..
[0;34m[INFO][0m Running: cmake -DCMAKE_TOOLCHAIN_FILE=/home/aguziczek/plugin_dev/VolumeControlPlugin/Windows-MSVC-WSL.cmake -DCMAKE_BUILD_TYPE=Release -DJUCE_DIR=/home/aguziczek/plugin_dev/VolumeControlPlugin/../JUCE -DCMAKE_VERBOSE_MAKEFILE=ON -DJUCE_TARGET_ARCHITECTURE=x86_64 -DVST3_ARCHITECTURE=x86_64 -DJUCE_DISABLE_RUNTIME_ARCH_DETECTION=ON -DCMAKE_INSTALL_PREFIX=/home/aguziczek/plugin_dev/VolumeControlPlugin/build_windows_alt/install ..
-- MSVC Cross-Compilation Environment configured for WSL->Windows:
--   - Architecture: x86_64
--   - C++ Compiler: /mnt/c/Program Files (x86)/Microsoft Visual Studio/2019/Community/VC/Tools/MSVC/14.29.30133/bin/Hostx64/x64/cl.exe
--   - Windows SDK: 10.0.19041.0
--   - VST3 Architecture: x86_64
-- MSVC Cross-Compilation Environment configured for WSL->Windows:
--   - Architecture: x86_64
--   - C++ Compiler: /mnt/c/Program Files (x86)/Microsoft Visual Studio/2019/Community/VC/Tools/MSVC/14.29.30133/bin/Hostx64/x64/cl.exe
--   - Windows SDK: 10.0.19041.0
--   - VST3 Architecture: x86_64
-- The C compiler identification is MSVC 19.29.30148.0
-- The CXX compiler identification is MSVC 19.29.30148.0
-- Detecting C compiler ABI info
-- Detecting C compiler ABI info - failed
-- Detecting C compile features
-- Detecting C compile features - done
-- Detecting CXX compiler ABI info
-- Detecting CXX compiler ABI info - failed
-- Detecting CXX compile features
-- Detecting CXX compile features - done
CMake Error at /usr/share/cmake-3.28/Modules/FindPackageHandleStandardArgs.cmake:230 (message):
  Could NOT find PkgConfig (missing: PKG_CONFIG_EXECUTABLE)
Call Stack (most recent call first):
  /usr/share/cmake-3.28/Modules/FindPackageHandleStandardArgs.cmake:600 (_FPHSA_FAILURE_MESSAGE)
  /usr/share/cmake-3.28/Modules/FindPkgConfig.cmake:99 (find_package_handle_standard_args)
  CMakeLists.txt:16 (find_package)


-- Configuring incomplete, errors occurred!
[0;31m[ERROR][0m CMake configuration failed.
[0;31m[ERROR][0m CMake configuration failed.
